0 info it worked if it ends with ok
1 verbose cli [ 'C:\\Program Files\\nodejs\\\\node.exe',
1 verbose cli   'C:\\Program Files\\nodejs\\node_modules\\npm\\bin\\npm-cli.js',
1 verbose cli   'install',
1 verbose cli   'Node-awesomeCaptcha',
1 verbose cli   '--save-dev' ]
2 info using npm@2.10.1
3 info using node@v0.12.4
4 verbose install initial load of E:\ss_express\ss-express\package.json
5 verbose installManyTop reading scoped package data from E:\ss_express\ss-express\node_modules\angular\package.json
6 verbose installManyTop reading scoped package data from E:\ss_express\ss-express\node_modules\angular-messages\package.json
7 verbose installManyTop reading scoped package data from E:\ss_express\ss-express\node_modules\angularjs\package.json
8 verbose installManyTop reading scoped package data from E:\ss_express\ss-express\node_modules\async\package.json
9 verbose installManyTop reading scoped package data from E:\ss_express\ss-express\node_modules\body-parser\package.json
10 verbose installManyTop reading scoped package data from E:\ss_express\ss-express\node_modules\canvas\package.json
11 verbose installManyTop reading scoped package data from E:\ss_express\ss-express\node_modules\ccap\package.json
12 verbose installManyTop reading scoped package data from E:\ss_express\ss-express\node_modules\connect-mongo\package.json
13 verbose installManyTop reading scoped package data from E:\ss_express\ss-express\node_modules\cookie-parser\package.json
14 verbose installManyTop reading scoped package data from E:\ss_express\ss-express\node_modules\debug\package.json
15 verbose installManyTop reading scoped package data from E:\ss_express\ss-express\node_modules\ejs\package.json
16 verbose installManyTop reading scoped package data from E:\ss_express\ss-express\node_modules\express\package.json
17 verbose installManyTop reading scoped package data from E:\ss_express\ss-express\node_modules\express-session\package.json
18 verbose installManyTop reading scoped package data from E:\ss_express\ss-express\node_modules\jade\package.json
19 verbose installManyTop reading scoped package data from E:\ss_express\ss-express\node_modules\less-middleware\package.json
20 verbose installManyTop reading scoped package data from E:\ss_express\ss-express\node_modules\lodash\package.json
21 verbose installManyTop reading scoped package data from E:\ss_express\ss-express\node_modules\mongoose\package.json
22 verbose installManyTop reading scoped package data from E:\ss_express\ss-express\node_modules\morgan\package.json
23 verbose installManyTop reading scoped package data from E:\ss_express\ss-express\node_modules\restangular\package.json
24 verbose installManyTop reading scoped package data from E:\ss_express\ss-express\node_modules\serve-favicon\package.json
25 info package.json connect-mongo@0.8.1 No license field.
26 info package.json ccap@0.6.0 No license field.
27 info package.json less-middleware@2.0.1 No license field.
28 info package.json cookie-parser@1.3.4 No license field.
29 verbose readDependencies loading dependencies from E:\ss_express\ss-express\package.json
30 silly cache add args [ 'Node-awesomeCaptcha', null ]
31 verbose cache add spec Node-awesomeCaptcha
32 silly cache add parsed spec { raw: 'Node-awesomeCaptcha',
32 silly cache add   scope: null,
32 silly cache add   name: 'Node-awesomeCaptcha',
32 silly cache add   rawSpec: '',
32 silly cache add   spec: '*',
32 silly cache add   type: 'range' }
33 silly addNamed Node-awesomeCaptcha@*
34 verbose addNamed "*" is a valid semver range for Node-awesomeCaptcha
35 silly addNameRange { name: 'Node-awesomeCaptcha', range: '*', hasData: false }
36 silly mapToRegistry name Node-awesomeCaptcha
37 silly mapToRegistry using default registry
38 silly mapToRegistry registry https://registry.npmjs.org/
39 silly mapToRegistry uri https://registry.npmjs.org/Node-awesomeCaptcha
40 verbose addNameRange registry:https://registry.npmjs.org/Node-awesomeCaptcha not in flight; fetching
41 verbose request uri https://registry.npmjs.org/Node-awesomeCaptcha
42 verbose request no auth needed
43 info attempt registry request try #1 at 13:07:06
44 verbose request using bearer token for auth
45 verbose request id 4fc5f000a9335a91
46 http request GET https://registry.npmjs.org/Node-awesomeCaptcha
47 http 404 https://registry.npmjs.org/Node-awesomeCaptcha
48 verbose headers { server: 'CouchDB/1.5.0 (Erlang OTP/R16B03)',
48 verbose headers   'content-type': 'application/json',
48 verbose headers   'cache-control': 'max-age=0',
48 verbose headers   'content-length': '51',
48 verbose headers   'accept-ranges': 'bytes',
48 verbose headers   date: 'Sat, 20 Jun 2015 05:07:06 GMT',
48 verbose headers   via: '1.1 varnish',
48 verbose headers   connection: 'keep-alive',
48 verbose headers   'x-served-by': 'cache-hkg6820-HKG',
48 verbose headers   'x-cache': 'MISS',
48 verbose headers   'x-cache-hits': '0',
48 verbose headers   'x-timer': 'S1434776826.279151,VS0,VE272' }
49 silly get cb [ 404,
49 silly get   { server: 'CouchDB/1.5.0 (Erlang OTP/R16B03)',
49 silly get     'content-type': 'application/json',
49 silly get     'cache-control': 'max-age=0',
49 silly get     'content-length': '51',
49 silly get     'accept-ranges': 'bytes',
49 silly get     date: 'Sat, 20 Jun 2015 05:07:06 GMT',
49 silly get     via: '1.1 varnish',
49 silly get     connection: 'keep-alive',
49 silly get     'x-served-by': 'cache-hkg6820-HKG',
49 silly get     'x-cache': 'MISS',
49 silly get     'x-cache-hits': '0',
49 silly get     'x-timer': 'S1434776826.279151,VS0,VE272' } ]
50 verbose stack Error: 404 Not Found: Node-awesomeCaptcha
50 verbose stack     at CachingRegistryClient.<anonymous> (C:\Program Files\nodejs\node_modules\npm\node_modules\npm-registry-client\lib\request.js:245:14)
50 verbose stack     at Request._callback (C:\Program Files\nodejs\node_modules\npm\node_modules\npm-registry-client\lib\request.js:170:14)
50 verbose stack     at Request.self.callback (C:\Program Files\nodejs\node_modules\npm\node_modules\request\request.js:368:22)
50 verbose stack     at Request.emit (events.js:110:17)
50 verbose stack     at Request.<anonymous> (C:\Program Files\nodejs\node_modules\npm\node_modules\request\request.js:1219:14)
50 verbose stack     at Request.emit (events.js:129:20)
50 verbose stack     at IncomingMessage.<anonymous> (C:\Program Files\nodejs\node_modules\npm\node_modules\request\request.js:1167:12)
50 verbose stack     at IncomingMessage.emit (events.js:129:20)
50 verbose stack     at _stream_readable.js:908:16
50 verbose stack     at process._tickCallback (node.js:355:11)
51 verbose statusCode 404
52 verbose pkgid Node-awesomeCaptcha
53 verbose cwd E:\ss_express\ss-express
54 error Windows_NT 6.1.7601
55 error argv "C:\\Program Files\\nodejs\\\\node.exe" "C:\\Program Files\\nodejs\\node_modules\\npm\\bin\\npm-cli.js" "install" "Node-awesomeCaptcha" "--save-dev"
56 error node v0.12.4
57 error npm  v2.10.1
58 error code E404
59 error 404 Not Found: Node-awesomeCaptcha
59 error 404
59 error 404 'Node-awesomeCaptcha' is not in the npm registry.
59 error 404 You should bug the author to publish it (or use the name yourself!)
59 error 404
59 error 404 Note that you can also install from a
59 error 404 tarball, folder, http url, or git url.
60 verbose exit [ 1, true ]
